-------------------------------------------------------------------------------
>Log Session: Tuesday, September 16, 2025, 6:21:59 AM Pacific Daylight Time
>System Info: 
  Product Version         = Apache NetBeans IDE 25
  Operating System        = Windows 11 version 10.0 running on amd64
  Java; VM; Vendor        = 24.0.2; Java HotSpot(TM) 64-Bit Server VM 24.0.2+12-54; Oracle Corporation
  Runtime                 = Java(TM) SE Runtime Environment 24.0.2+12-54
  Java Home               = C:\Program Files\Java\jdk-24
  System Locale; Encoding = en_US (nb); UTF-8
  Home Directory          = C:\Users\Hp
  Current Directory       = C:\Program Files\NetBeans-25
  User Directory          = C:\Users\Hp\AppData\Local\Temp\tmpnb
  Cache Directory         = C:\Users\Hp\AppData\Local\Temp\tmpnb\var\cache
  Installation            = C:\Program Files\NetBeans-25\netbeans\nb
                            C:\Program Files\NetBeans-25\netbeans\ergonomics
                            C:\Program Files\NetBeans-25\netbeans\ide
                            C:\Program Files\NetBeans-25\netbeans\extide
                            C:\Program Files\NetBeans-25\netbeans\java
                            C:\Program Files\NetBeans-25\netbeans\apisupport
                            C:\Program Files\NetBeans-25\netbeans\webcommon
                            C:\Program Files\NetBeans-25\netbeans\websvccommon
                            C:\Program Files\NetBeans-25\netbeans\enterprise
                            C:\Program Files\NetBeans-25\netbeans\profiler
                            C:\Program Files\NetBeans-25\netbeans\php
                            C:\Program Files\NetBeans-25\netbeans\harness
                            C:\Program Files\NetBeans-25\netbeans\cpplite
                            C:\Program Files\NetBeans-25\netbeans\groovy
                            C:\Program Files\NetBeans-25\netbeans\javafx
                            C:\Program Files\NetBeans-25\netbeans\platform
  Boot & Ext. Classpath   = 
  Application Classpath   = C:\Program Files\NetBeans-25\netbeans\platform\lib\boot.jar;C:\Program Files\NetBeans-25\netbeans\platform\lib\org-openide-modules.jar;C:\Program Files\NetBeans-25\netbeans\platform\lib\org-openide-util-lookup.jar;C:\Program Files\NetBeans-25\netbeans\platform\lib\org-openide-util-ui.jar;C:\Program Files\NetBeans-25\netbeans\platform\lib\org-openide-util.jar
  Startup Classpath       = C:\Program Files\NetBeans-25\netbeans\platform\core\asm-9.7.1.jar;C:\Program Files\NetBeans-25\netbeans\platform\core\asm-commons-9.7.1.jar;C:\Program Files\NetBeans-25\netbeans\platform\core\asm-tree-9.7.1.jar;C:\Program Files\NetBeans-25\netbeans\platform\core\core-base.jar;C:\Program Files\NetBeans-25\netbeans\platform\core\core.jar;C:\Program Files\NetBeans-25\netbeans\platform\core\org-netbeans-libs-asm.jar;C:\Program Files\NetBeans-25\netbeans\platform\core\org-openide-filesystems-compat8.jar;C:\Program Files\NetBeans-25\netbeans\platform\core\org-openide-filesystems.jar;C:\Program Files\NetBeans-25\netbeans\nb\core\org-netbeans-upgrader.jar;C:\Program Files\NetBeans-25\netbeans\nb\core\locale\core_nb.jar
  Java Boot Modules       = [java.base, java.compiler, java.datatransfer, java.desktop, java.instrument, java.logging, java.management, java.management.rmi, java.naming, java.net.http, java.prefs, java.rmi, java.scripting, java.security.jgss, java.security.sasl, java.smartcardio, java.sql, java.sql.rowset, java.transaction.xa, java.xml, java.xml.crypto, jdk.accessibility, jdk.attach, jdk.charsets, jdk.compiler, jdk.crypto.cryptoki, jdk.crypto.mscapi, jdk.dynalink, jdk.editpad, jdk.httpserver, jdk.internal.ed, jdk.internal.jvmstat, jdk.internal.le, jdk.internal.md, jdk.internal.opt, jdk.jartool, jdk.javadoc, jdk.jconsole, jdk.jdeps, jdk.jdi, jdk.jdwp.agent, jdk.jfr, jdk.jlink, jdk.jpackage, jdk.jshell, jdk.jsobject, jdk.jstatd, jdk.localedata, jdk.management, jdk.management.agent, jdk.management.jfr, jdk.naming.dns, jdk.naming.rmi, jdk.net, jdk.nio.mapmode, jdk.sctp, jdk.security.auth, jdk.security.jgss, jdk.unsupported, jdk.unsupported.desktop, jdk.xml.dom, jdk.zipfs]
-------------------------------------------------------------------------------
INFO [org.netbeans.modules.netbinox]: Install area set to file:/C:/Program Files/NetBeans-25/netbeans/
WARNING [org.netbeans.core.modules]: the modules [org.netbeans.modules.xml.text] use org.netbeans.modules.editor.deprecated.pre65formatting which is deprecated.
WARNING [org.netbeans.core.modules]: the modules [org.netbeans.modules.ide.kit, org.netbeans.modules.xml.text] use org.netbeans.modules.editor.structure which is deprecated.
INFO [org.netbeans.core.startup.NbEvents]: Turning on modules:
	slf4j.jdk14 [1.7.36 1.7.36]
	slf4j.api [1.7.36 1.7.36]
	org.openide.util.lookup [8.61 25-0f82d968998b78ef4d323537d1149eb68e747d9a]
	org.openide.util [9.35 25-0f82d968998b78ef4d323537d1149eb68e747d9a]
	org.openide.util.ui [9.36 25-0f82d968998b78ef4d323537d1149eb68e747d9a]
	org.openide.modules [7.75 25-0f82d968998b78ef4d323537d1149eb68e747d9a]
	org.netbeans.api.annotations.common/1 [1.55 25-0f82d968998b78ef4d323537d1149eb68e747d9a]
	org.openide.filesystems [9.40 25-0f82d968998b78ef4d323537d1149eb68e747d9a]
	org.openide.awt [7.95 25-0f82d968998b78ef4d323537d1149eb68e747d9a]
	org.netbeans.api.progress/1 [1.75 25-0f82d968998b78ef4d323537d1149eb68e747d9a]
	org.netbeans.api.progress.nb [1.75 25-0f82d968998b78ef4d323537d1149eb68e747d9a]
	org.openide.dialogs [7.74 25-0f82d968998b78ef4d323537d1149eb68e747d9a]
	org.openide.nodes [7.72 25-0f82d968998b78ef4d323537d1149eb68e747d9a]
	org.openide.windows [6.104 25-0f82d968998b78ef4d323537d1149eb68e747d9a]
	org.netbeans.libs.jsvg [1.22.0.1 1 25-0f82d968998b78ef4d323537d1149eb68e747d9a]
	org.openide.util.ui.svg [1.21 25-0f82d968998b78ef4d323537d1149eb68e747d9a]
	org.netbeans.modules.editor.mimelookup/1 [1.67 25-0f82d968998b78ef4d323537d1149eb68e747d9a]
	org.openide.text [6.96 25-0f82d968998b78ef4d323537d1149eb68e747d9a]
	org.netbeans.api.scripting [1.24 25-0f82d968998b78ef4d323537d1149eb68e747d9a]
	org.netbeans.swing.tabcontrol [1.84 25-0f82d968998b78ef4d323537d1149eb68e747d9a]
	org.netbeans.swing.outline [1.61 25-0f82d968998b78ef4d323537d1149eb68e747d9a]
	org.openide.explorer [6.89 25-0f82d968998b78ef4d323537d1149eb68e747d9a]
	org.openide.actions [6.66 25-0f82d968998b78ef4d323537d1149eb68e747d9a]
	org.netbeans.modules.queries/1 [1.70 25-0f82d968998b78ef4d323537d1149eb68e747d9a]
	org.netbeans.api.templates [1.35 25-0f82d968998b78ef4d323537d1149eb68e747d9a]
	org.openide.filesystems.nb [9.37 25-0f82d968998b78ef4d323537d1149eb68e747d9a]
	org.openide.loaders [7.97 25-0f82d968998b78ef4d323537d1149eb68e747d9a]
	org.netbeans.api.intent [1.29 25-0f82d968998b78ef4d323537d1149eb68e747d9a]
	org.netbeans.api.io [1.30 25-0f82d968998b78ef4d323537d1149eb68e747d9a]
	org.openide.io [1.76 25-0f82d968998b78ef4d323537d1149eb68e747d9a]
	org.openide.filesystems.compat8 [9.36 25-0f82d968998b78ef4d323537d1149eb68e747d9a]
	org.openide.execution [9.30 25-0f82d968998b78ef4d323537d1149eb68e747d9a]
	org.netbeans.upgrader [4.62 25-0f82d968998b78ef4d323537d1149eb68e747d9a]
	org.netbeans.swing.plaf [1.69 25-0f82d968998b78ef4d323537d1149eb68e747d9a]
	org.netbeans.modules.keyring [1.51 25-0f82d968998b78ef4d323537d1149eb68e747d9a]
	org.netbeans.libs.asm [5.30 25-0f82d968998b78ef4d323537d1149eb68e747d9a]
	org.netbeans.bootstrap/1 [2.106 25-0f82d968998b78ef4d323537d1149eb68e747d9a]
	org.netbeans.core.startup.base [1.89.0.1 1 25-0f82d968998b78ef4d323537d1149eb68e747d9a]
	org.netbeans.core.startup/1 [1.90.0.1 25-0f82d968998b78ef4d323537d1149eb68e747d9a]
	org.netbeans.modules.sampler [1.41 25-0f82d968998b78ef4d323537d1149eb68e747d9a]
	org.netbeans.core/2 [3.78 25-0f82d968998b78ef4d323537d1149eb68e747d9a]
	org.netbeans.spi.quicksearch [1.54 25-0f82d968998b78ef4d323537d1149eb68e747d9a]
	org.netbeans.modules.options.api/1 [1.72 25-0f82d968998b78ef4d323537d1149eb68e747d9a]
	org.netbeans.libs.flatlaf/1 [1.21 3.5.2 25-0f82d968998b78ef4d323537d1149eb68e747d9a]
	org.netbeans.swing.laf.flatlaf [1.20 25-0f82d968998b78ef4d323537d1149eb68e747d9a]
	org.netbeans.swing.laf.dark/1 [2.22.0.2 2 25-0f82d968998b78ef4d323537d1149eb68e747d9a]
	org.netbeans.modules.projectapi/1 [1.99 25-0f82d968998b78ef4d323537d1149eb68e747d9a]
	org.netbeans.swing.dirchooser [1.56 25-0f82d968998b78ef4d323537d1149eb68e747d9a]
	org.netbeans.spi.viewmodel/2 [1.78 25-0f82d968998b78ef4d323537d1149eb68e747d9a]
	org.netbeans.spi.tasklist/1 [1.62.0.1 1 25-0f82d968998b78ef4d323537d1149eb68e747d9a]
	org.netbeans.spi.palette/1 [1.73 25-0f82d968998b78ef4d323537d1149eb68e747d9a]
	org.netbeans.spi.navigator/1 [1.65 25-0f82d968998b78ef4d323537d1149eb68e747d9a]
	org.netbeans.modules.editor.settings/1 [1.84 25-0f82d968998b78ef4d323537d1149eb68e747d9a]
	org.netbeans.modules.editor.util/1 [1.92 25-0f82d968998b78ef4d323537d1149eb68e747d9a]
	org.netbeans.modules.editor.document [1.36.0.3 3 25-0f82d968998b78ef4d323537d1149eb68e747d9a]
	org.netbeans.modules.lexer/2 [1.90.0.1 1 25-0f82d968998b78ef4d323537d1149eb68e747d9a]
	org.netbeans.modules.editor.lib2/1 [2.47.0.55.3 55 25-0f82d968998b78ef4d323537d1149eb68e747d9a]
	org.netbeans.api.lsp/1 [1.31 25-0f82d968998b78ef4d323537d1149eb68e747d9a]
	org.netbeans.modules.editor.settings.lib [1.78.0.1 1 25-0f82d968998b78ef4d323537d1149eb68e747d9a]
	org.netbeans.modules.editor.fold/1 [1.72 25-0f82d968998b78ef4d323537d1149eb68e747d9a]
	org.netbeans.modules.editor.indent/2 [1.70 25-0f82d968998b78ef4d323537d1149eb68e747d9a]
	org.netbeans.modules.editor.guards/1 [1.60 25-0f82d968998b78ef4d323537d1149eb68e747d9a]
	org.netbeans.modules.editor.lib/3 [4.34.0.23.3.55 23 25-0f82d968998b78ef4d323537d1149eb68e747d9a]
	org.netbeans.spi.editor.hints/0 [1.69.0.8.55 8 25-0f82d968998b78ef4d323537d1149eb68e747d9a]
	org.netbeans.modules.projectuiapi.base/1 [1.113.0.9 9 25-0f82d968998b78ef4d323537d1149eb68e747d9a]
	org.netbeans.modules.projectuiapi/1 [1.116.0.8 8 25-0f82d968998b78ef4d323537d1149eb68e747d9a]
	org.netbeans.modules.editor.tools.storage [1.35 25-0f82d968998b78ef4d323537d1149eb68e747d9a]
	org.netbeans.modules.options.keymap [1.64 25-0f82d968998b78ef4d323537d1149eb68e747d9a]
	org.netbeans.modules.editor.settings.storage/1 [1.79.0.1 25-0f82d968998b78ef4d323537d1149eb68e747d9a]
	org.netbeans.modules.editor.fold.nbui [1.39.0.55 25-0f82d968998b78ef4d323537d1149eb68e747d9a]
	org.netbeans.modules.editor/3 [1.114.0.6.3.23.55 6 25-0f82d968998b78ef4d323537d1149eb68e747d9a]
	org.netbeans.modules.options.editor/1 [1.88 25-0f82d968998b78ef4d323537d1149eb68e747d9a]
	org.netbeans.spi.editor.hints.projects [1.38.0.1.8 1 25-0f82d968998b78ef4d323537d1149eb68e747d9a]
	org.netbeans.api.debugger/1 [1.82 25-0f82d968998b78ef4d323537d1149eb68e747d9a]
	org.netbeans.spi.debugger.ui/1 [2.85 25-0f82d968998b78ef4d323537d1149eb68e747d9a]
	org.netbeans.core.multiview/1 [1.71 25-0f82d968998b78ef4d323537d1149eb68e747d9a]
	org.netbeans.api.xml/1 [1.71 25-0f82d968998b78ef4d323537d1149eb68e747d9a]
	org.netbeans.modules.xml.core/2 [1.70.0.4 4 25-0f82d968998b78ef4d323537d1149eb68e747d9a]
	org.netbeans.modules.xml.xam/1 [1.59.0.1 1 25-0f82d968998b78ef4d323537d1149eb68e747d9a]
	org.netbeans.api.xml.ui/1 [1.71 25-0f82d968998b78ef4d323537d1149eb68e747d9a]
	org.apache.xml.resolver [1.58.0.12 12 25-0f82d968998b78ef4d323537d1149eb68e747d9a]
	org.netbeans.modules.xml.retriever/1 [1.58 25-0f82d968998b78ef4d323537d1149eb68e747d9a]
	org.netbeans.modules.xml.schema.model/1 [1.59.0.1 1 25-0f82d968998b78ef4d323537d1149eb68e747d9a]
	org.netbeans.modules.xml.axi [1.60 25-0f82d968998b78ef4d323537d1149eb68e747d9a]
	org.netbeans.modules.editor.indent.support [1.69 25-0f82d968998b78ef4d323537d1149eb68e747d9a]
	org.netbeans.api.java.classpath/1 [1.81 25-0f82d968998b78ef4d323537d1149eb68e747d9a]
	org.netbeans.libs.lucene/3 [3.46 25-0f82d968998b78ef4d323537d1149eb68e747d9a]
	org.netbeans.modules.masterfs/2 [2.82.0.2 2 25-0f82d968998b78ef4d323537d1149eb68e747d9a]
	org.netbeans.modules.parsing.lucene/2 [2.63.0.1 1 25-0f82d968998b78ef4d323537d1149eb68e747d9a]
	org.netbeans.modules.parsing.api/1 [9.34.0.8 8 25-0f82d968998b78ef4d323537d1149eb68e747d9a]
	org.netbeans.modules.editor.breadcrumbs/0 [1.44 25-0f82d968998b78ef4d323537d1149eb68e747d9a]
	org.netbeans.modules.editor.bracesmatching/0 [1.66.0.55 25-0f82d968998b78ef4d323537d1149eb68e747d9a]
	org.netbeans.modules.editor.deprecated.pre65formatting/0 [1.58.0.1.6.23.55 1 25-0f82d968998b78ef4d323537d1149eb68e747d9a]
	org.netbeans.modules.editor.errorstripe.api/1 [2.59.0.1 1 25-0f82d968998b78ef4d323537d1149eb68e747d9a]
	org.netbeans.modules.editor.errorstripe/2 [2.61.0.1.1 1 25-0f82d968998b78ef4d323537d1149eb68e747d9a]
	org.netbeans.modules.editor.completion/1 [1.72.0.2 2 25-0f82d968998b78ef4d323537d1149eb68e747d9a]
	org.netbeans.modules.editor.codetemplates/1 [1.71.0.1 1 25-0f82d968998b78ef4d323537d1149eb68e747d9a]
	org.netbeans.modules.editor.actions/1 [1.58.0.55 25-0f82d968998b78ef4d323537d1149eb68e747d9a]
	org.netbeans.modules.project.indexingbridge [1.44 25-0f82d968998b78ef4d323537d1149eb68e747d9a]
	org.netbeans.modules.parsing.indexing [9.38.0.1.3.8 1 25-0f82d968998b78ef4d323537d1149eb68e747d9a]
	org.netbeans.modules.diff/1 [1.78.0.42.1 42 25-0f82d968998b78ef4d323537d1149eb68e747d9a]
	org.netbeans.modules.refactoring.api [1.74.0.1 1 25-0f82d968998b78ef4d323537d1149eb68e747d9a]
	org.netbeans.modules.csl.types/1 [1.27 25-0f82d968998b78ef4d323537d1149eb68e747d9a]
	org.netbeans.core.ui/1 [1.72 25-0f82d968998b78ef4d323537d1149eb68e747d9a]
	org.netbeans.api.search [1.48 25-0f82d968998b78ef4d323537d1149eb68e747d9a]
	org.netbeans.modules.jumpto/1 [1.82.0.1 1 25-0f82d968998b78ef4d323537d1149eb68e747d9a]
	org.netbeans.modules.csl.api/2 [2.85.0.2.1.1.8.1 2 25-0f82d968998b78ef4d323537d1149eb68e747d9a]
	org.netbeans.modules.editor.structure/1 [1.74.0.1 1 25-0f82d968998b78ef4d323537d1149eb68e747d9a]
	org.netbeans.modules.xml.lexer [1.57 25-0f82d968998b78ef4d323537d1149eb68e747d9a]
	org.netbeans.modules.xml.text/2 [1.86.0.1 1 25-0f82d968998b78ef4d323537d1149eb68e747d9a]
	org.netbeans.modules.xml [1.60 25-0f82d968998b78ef4d323537d1149eb68e747d9a]
	org.netbeans.core.ide/1 [1.68 25-0f82d968998b78ef4d323537d1149eb68e747d9a]
	org.netbeans.modules.servletapi/1 [1.66 25-0f82d968998b78ef4d323537d1149eb68e747d9a]
	org.netbeans.modules.httpserver/2 [2.63.0.43 43 25-0f82d968998b78ef4d323537d1149eb68e747d9a]
	org.netbeans.modules.xsl/1 [1.71 25-0f82d968998b78ef4d323537d1149eb68e747d9a]
	org.netbeans.modules.xml.xdm/1 [1.61.0.1 1 25-0f82d968998b78ef4d323537d1149eb68e747d9a]
	org.netbeans.libs.xerces/1 [1.65.0.281 281 25-0f82d968998b78ef4d323537d1149eb68e747d9a]
	org.netbeans.modules.xml.tax/2 [1.71.0.281 25-0f82d968998b78ef4d323537d1149eb68e747d9a]
	org.netbeans.modules.xml.tools/2 [1.70 25-0f82d968998b78ef4d323537d1149eb68e747d9a]
	org.netbeans.modules.xml.schema.completion [1.58 25-0f82d968998b78ef4d323537d1149eb68e747d9a]
	org.netbeans.modules.xml.catalog/2 [3.31.0.4 4 25-0f82d968998b78ef4d323537d1149eb68e747d9a]
	org.netbeans.modules.xml.catalog.ui [2.30.0.4 25-0f82d968998b78ef4d323537d1149eb68e747d9a]
	org.netbeans.libs.json_simple/1 [0.39 25-0f82d968998b78ef4d323537d1149eb68e747d9a]
	org.netbeans.modules.web.common [1.126 25-0f82d968998b78ef4d323537d1149eb68e747d9a]
	org.netbeans.modules.web.indent [1.47 25-0f82d968998b78ef4d323537d1149eb68e747d9a]
	org.netbeans.modules.extexecution.base/2 [1.33 25-0f82d968998b78ef4d323537d1149eb68e747d9a]
	org.netbeans.modules.extexecution/2 [1.76 25-0f82d968998b78ef4d323537d1149eb68e747d9a]
	org.netbeans.modules.web.common.ui [1.28 25-0f82d968998b78ef4d323537d1149eb68e747d9a]
	org.netbeans.modules.gsf.testrunner/2 [2.39 25-0f82d968998b78ef4d323537d1149eb68e747d9a]
	org.netbeans.modules.gsf.testrunner.ui [1.42.0.1 25-0f82d968998b78ef4d323537d1149eb68e747d9a]
	org.netbeans.modules.gototest/1 [1.60 25-0f82d968998b78ef4d323537d1149eb68e747d9a]
	org.netbeans.modules.project.libraries/1 [1.80 25-0f82d968998b78ef4d323537d1149eb68e747d9a]
	org.netbeans.modules.project.libraries.ui/1 [1.79 25-0f82d968998b78ef4d323537d1149eb68e747d9a]
	org.netbeans.modules.html.indexing [1.19 25-0f82d968998b78ef4d323537d1149eb68e747d9a]
	org.netbeans.modules.extbrowser/1 [1.80 25-0f82d968998b78ef4d323537d1149eb68e747d9a]
	org.netbeans.modules.settings/1 [1.76 25-0f82d968998b78ef4d323537d1149eb68e747d9a]
	org.netbeans.modules.web.browser.api [1.72 25-0f82d968998b78ef4d323537d1149eb68e747d9a]
	org.netbeans.modules.gsf.codecoverage [1.59 25-0f82d968998b78ef4d323537d1149eb68e747d9a]
	org.netbeans.modules.project.spi.intern [1.30 25-0f82d968998b78ef4d323537d1149eb68e747d9a]
	org.netbeans.modules.project.ant/1 [1.94 25-0f82d968998b78ef4d323537d1149eb68e747d9a]
	org.netbeans.modules.web.clientproject.api [1.131 25-0f82d968998b78ef4d323537d1149eb68e747d9a]
	org.netbeans.modules.versioning.core/1 [1.58.0.1.42 1 25-0f82d968998b78ef4d323537d1149eb68e747d9a]
	org.netbeans.modules.versioning/1 [1.74.0.1 1 25-0f82d968998b78ef4d323537d1149eb68e747d9a]
	org.netbeans.modules.favorites/1 [1.73 25-0f82d968998b78ef4d323537d1149eb68e747d9a]
	org.netbeans.modules.spellchecker.apimodule [1.52 25-0f82d968998b78ef4d323537d1149eb68e747d9a]
	org.netbeans.modules.versioning.util/2 [2.3.0.42.1 25-0f82d968998b78ef4d323537d1149eb68e747d9a]
	org.netbeans.modules.team.commons [1.77 25-0f82d968998b78ef4d323537d1149eb68e747d9a]
	org.netbeans.modules.versioning.ui/1 [1.50.0.42.1 25-0f82d968998b78ef4d323537d1149eb68e747d9a]
	org.netbeans.modules.autoupdate.services [1.83 25-0f82d968998b78ef4d323537d1149eb68e747d9a]
	org.netbeans.modules.autoupdate.ui [1.73 25-0f82d968998b78ef4d323537d1149eb68e747d9a]
	org.netbeans.modules.versioning.system.cvss.installer [1.43 25-0f82d968998b78ef4d323537d1149eb68e747d9a]
	org.netbeans.modules.masterfs.ui [2.30.0.2 25-0f82d968998b78ef4d323537d1149eb68e747d9a]
	org.netbeans.modules.versioning.masterfs [1.41 25-0f82d968998b78ef4d323537d1149eb68e747d9a]
	org.netbeans.modules.versioning.indexingbridge/0 [1.53 25-0f82d968998b78ef4d323537d1149eb68e747d9a]
	org.netbeans.api.dashboard/0 [0.4 25-0f82d968998b78ef4d323537d1149eb68e747d9a]
	org.netbeans.modules.sendopts/2 [2.63 25-0f82d968998b78ef4d323537d1149eb68e747d9a]
	org.netbeans.modules.utilities/1 [1.88 25-0f82d968998b78ef4d323537d1149eb68e747d9a]
	org.netbeans.modules.utilities.project/1 [1.65 25-0f82d968998b78ef4d323537d1149eb68e747d9a]
	org.netbeans.modules.javahelp/1 [2.68 25-0f82d968998b78ef4d323537d1149eb68e747d9a]
	org.netbeans.modules.usersguide/1 [1.75 25-0f82d968998b78ef4d323537d1149eb68e747d9a]
	org.netbeans.modules.updatecenters/1 [1.67 25-0f82d968998b78ef4d323537d1149eb68e747d9a]
	org.netbeans.libs.jcodings/2 [1.0.58 25-0f82d968998b78ef4d323537d1149eb68e747d9a]
	com.google.gson [2.11.0 2.11.0]
	org.netbeans.modules.textmate.lexer/0 [1.28.0.1 1 25-0f82d968998b78ef4d323537d1149eb68e747d9a]
	org.netbeans.modules.terminal [1.54 25-0f82d968998b78ef4d323537d1149eb68e747d9a]
	org.netbeans.lib.terminalemulator [1.64 25-0f82d968998b78ef4d323537d1149eb68e747d9a]
	org.netbeans.modules.terminal.nb [1.27 25-0f82d968998b78ef4d323537d1149eb68e747d9a]
	org.netbeans.modules.templates/1 [1.34 25-0f82d968998b78ef4d323537d1149eb68e747d9a]
	org.netbeans.modules.team.ide [1.41 25-0f82d968998b78ef4d323537d1149eb68e747d9a]
	org.netbeans.modules.tasklist.ui/1 [1.58.0.1.1 1 25-0f82d968998b78ef4d323537d1149eb68e747d9a]
	org.netbeans.modules.tasklist.todo/1 [1.58.0.1 1 25-0f82d968998b78ef4d323537d1149eb68e747d9a]
	org.netbeans.modules.tasklist.projectint/1 [1.56 25-0f82d968998b78ef4d323537d1149eb68e747d9a]
	org.netbeans.modules.tasklist.kit [1.55 25-0f82d968998b78ef4d323537d1149eb68e747d9a]
	org.netbeans.libs.ini4j/1 [1.61 25-0f82d968998b78ef4d323537d1149eb68e747d9a]
	org.netbeans.libs.svnClientAdapter/1 [1.67 25-0f82d968998b78ef4d323537d1149eb68e747d9a]
	org.netbeans.modules.subversion [1.69.0.42.1 25-0f82d968998b78ef4d323537d1149eb68e747d9a]
	org.netbeans.modules.editor.plain.lib/1 [1.60 25-0f82d968998b78ef4d323537d1149eb68e747d9a]
	org.netbeans.modules.spellchecker [1.62.0.1.8 1 25-0f82d968998b78ef4d323537d1149eb68e747d9a]
	org.netbeans.modules.spellchecker.kit [1.52 25-0f82d968998b78ef4d323537d1149eb68e747d9a]
	org.netbeans.modules.spellchecker.dictionary_en [1.49 25-0f82d968998b78ef4d323537d1149eb68e747d9a]
	org.netbeans.modules.properties/1 [1.82 25-0f82d968998b78ef4d323537d1149eb68e747d9a]
	org.netbeans.modules.properties.syntax/1 [1.77 25-0f82d968998b78ef4d323537d1149eb68e747d9a]
	org.netbeans.modules.spellchecker.bindings.properties [1.49 25-0f82d968998b78ef4d323537d1149eb68e747d9a]
	org.netbeans.modules.html.lexer/1 [1.65 25-0f82d968998b78ef4d323537d1149eb68e747d9a]
	org.netbeans.modules.spellchecker.bindings.htmlxml [1.54 25-0f82d968998b78ef4d323537d1149eb68e747d9a]
	org.netbeans.modules.server/0 [1.60 25-0f82d968998b78ef4d323537d1149eb68e747d9a]
	org.netbeans.modules.selenium2.server [1.30 25-0f82d968998b78ef4d323537d1149eb68e747d9a]
	org.netbeans.modules.selenium2 [1.32 25-0f82d968998b78ef4d323537d1149eb68e747d9a]
	org.netbeans.modules.selenium2.webclient [1.34 25-0f82d968998b78ef4d323537d1149eb68e747d9a]
	org.netbeans.core.execution/1 [1.69 25-0f82d968998b78ef4d323537d1149eb68e747d9a]
	org.netbeans.modules.projectui [1.86.0.8.9 25-0f82d968998b78ef4d323537d1149eb68e747d9a]
	org.netbeans.modules.projectapi.nb [1.31 25-0f82d968998b78ef4d323537d1149eb68e747d9a]
	org.netbeans.modules.project.spi.intern.impl [1.30 25-0f82d968998b78ef4d323537d1149eb68e747d9a]
	org.netbeans.modules.progress.ui [1.60 25-0f82d968998b78ef4d323537d1149eb68e747d9a]
	org.netbeans.modules.print.editor [7.53 25-0f82d968998b78ef4d323537d1149eb68e747d9a]
	org.netbeans.modules.print [7.53 25-0f82d968998b78ef4d323537d1149eb68e747d9a]
	org.netbeans.modules.parsing.ui [1.41.0.1 25-0f82d968998b78ef4d323537d1149eb68e747d9a]
	org.netbeans.modules.parsing.nb [1.31.0.8.1 25-0f82d968998b78ef4d323537d1149eb68e747d9a]
	org.netbeans.core.windows/2 [2.112 25-0f82d968998b78ef4d323537d1149eb68e747d9a]
	org.netbeans.modules.notifications [1.35 25-0f82d968998b78ef4d323537d1149eb68e747d9a]
	org.netbeans.libs.osgi [1.49 25-0f82d968998b78ef4d323537d1149eb68e747d9a]
	org.netbeans.core.netigso [1.58 25-0f82d968998b78ef4d323537d1149eb68e747d9a]
	org.netbeans.modules.netbinox [1.68 25-0f82d968998b78ef4d323537d1149eb68e747d9a]
	org.netbeans.modules.nativeimage.api/0 [0.19 25-0f82d968998b78ef4d323537d1149eb68e747d9a]
	org.eclipse.mylyn.commons.net [3.17.0 3.17.0.v20150706-2057]
	org.eclipse.mylyn.tasks.core [3.17.0 3.17.0.v20150828-2026]
	org.eclipse.core.jobs [3.5.100 3.5.100.v20110404]
	org.eclipse.mylyn.wikitext.core [2.6.0 2.6.0.v20150901-2143]
	org.netbeans.modules.bugtracking [1.136 25-0f82d968998b78ef4d323537d1149eb68e747d9a]
	org.eclipse.equinox.common [3.6.0 3.6.0.v20110523]
	org.eclipse.core.runtime [3.7.0 3.7.0.v20110110]
	org.netbeans.modules.mylyn.util [1.63 25-0f82d968998b78ef4d323537d1149eb68e747d9a]
	org.netbeans.modules.mercurial/2 [2.3.0.42.1 25-0f82d968998b78ef4d323537d1149eb68e747d9a]
	org.netbeans.libs.jna/2 [2.22 25-0f82d968998b78ef4d323537d1149eb68e747d9a]
	org.netbeans.modules.masterfs.windows [1.43 25-0f82d968998b78ef4d323537d1149eb68e747d9a]
	org.netbeans.modules.masterfs.nio2 [1.42 25-0f82d968998b78ef4d323537d1149eb68e747d9a]
	org.netbeans.libs.flexmark [1.20 25-0f82d968998b78ef4d323537d1149eb68e747d9a]
	org.netbeans.modules.markdown [1.15 25-0f82d968998b78ef4d323537d1149eb68e747d9a]
	com.google.guava [33.2.1 33.2.1.jre]
	org.netbeans.modules.lsp.client/0 [1.29.0.1.1.1 1 25-0f82d968998b78ef4d323537d1149eb68e747d9a]
	org.netbeans.modules.bugtracking.commons [1.35 25-0f82d968998b78ef4d323537d1149eb68e747d9a]
	org.netbeans.modules.localtasks [1.52 25-0f82d968998b78ef4d323537d1149eb68e747d9a]
	org.netbeans.modules.localhistory [1.62 25-0f82d968998b78ef4d323537d1149eb68e747d9a]
	org.netbeans.modules.lexer.nbbridge/1 [1.59.0.1 25-0f82d968998b78ef4d323537d1149eb68e747d9a]
	org.netbeans.libs.antlr4.runtime/2 [1.28.0.1 1 25-0f82d968998b78ef4d323537d1149eb68e747d9a]
	org.netbeans.modules.lexer.antlr4 [1.9.0.1 1 25-0f82d968998b78ef4d323537d1149eb68e747d9a]
	org.netbeans.libs.snakeyaml_engine/2 [2.16 25-0f82d968998b78ef4d323537d1149eb68e747d9a]
	org.netbeans.modules.languages.yaml [2.59 25-0f82d968998b78ef4d323537d1149eb68e747d9a]
	org.netbeans.libs.tomljava/3 [1.3 25-0f82d968998b78ef4d323537d1149eb68e747d9a]
	org.netbeans.modules.languages.toml [1.9 25-0f82d968998b78ef4d323537d1149eb68e747d9a]
	org.netbeans.modules.languages.manifest [1.59 25-0f82d968998b78ef4d323537d1149eb68e747d9a]
	org.netbeans.modules.languages.hcl [1.7 25-0f82d968998b78ef4d323537d1149eb68e747d9a]
	org.netbeans.modules.go.lang [1.8 25-0f82d968998b78ef4d323537d1149eb68e747d9a]
	org.netbeans.modules.languages.go [1.7 25-0f82d968998b78ef4d323537d1149eb68e747d9a]
	org.netbeans.modules.languages.diff [1.60 25-0f82d968998b78ef4d323537d1149eb68e747d9a]
	org.netbeans.modules.keyring.fallback [1.35 25-0f82d968998b78ef4d323537d1149eb68e747d9a]
	org.netbeans.modules.keyring.impl [1.51 25-0f82d968998b78ef4d323537d1149eb68e747d9a]
	org.netbeans.modules.janitor [1.20 25-0f82d968998b78ef4d323537d1149eb68e747d9a]
	org.netbeans.modules.image/1 [1.75 25-0f82d968998b78ef4d323537d1149eb68e747d9a]
	org.netbeans.core.multitabs/1 [1.39.0.1 1 25-0f82d968998b78ef4d323537d1149eb68e747d9a]
	org.netbeans.modules.editor.bookmarks/1 [1.64 25-0f82d968998b78ef4d323537d1149eb68e747d9a]
	com.jcraft.jsch [0.1.72 0.1.72]
	org.netbeans.modules.dlight.nativeexecution [1.66.0.1 1 25-0f82d968998b78ef4d323537d1149eb68e747d9a]
	org.netbeans.modules.dlight.terminal [1.51.0.1 1 25-0f82d968998b78ef4d323537d1149eb68e747d9a]
	org.netbeans.core.multitabs.project [1.37.0.1.1 1 25-0f82d968998b78ef4d323537d1149eb68e747d9a]
	org.netbeans.modules.editor.search [1.52.0.0.55 0 25-0f82d968998b78ef4d323537d1149eb68e747d9a]
	org.netbeans.modules.html.editor.lib/3 [3.59 25-0f82d968998b78ef4d323537d1149eb68e747d9a]
	org.apache.commons.logging [1.3.3 1.3.3]
	org.netbeans.modules.html.parser/1 [1.61.0.1 1 25-0f82d968998b78ef4d323537d1149eb68e747d9a]
	org.netbeans.modules.html.validation/1 [1.58 25-0f82d968998b78ef4d323537d1149eb68e747d9a]
	org.netbeans.libs.antlr3.runtime [1.48.0.1 1 25-0f82d968998b78ef4d323537d1149eb68e747d9a]
	org.netbeans.modules.css.lib/2 [2.7 25-0f82d968998b78ef4d323537d1149eb68e747d9a]
	org.netbeans.modules.css.model [1.58 25-0f82d968998b78ef4d323537d1149eb68e747d9a]
	org.netbeans.modules.css.editor/1 [1.95 25-0f82d968998b78ef4d323537d1149eb68e747d9a]
	org.netbeans.modules.html/1 [1.88 25-0f82d968998b78ef4d323537d1149eb68e747d9a]
	org.netbeans.modules.html.editor/2 [2.83 25-0f82d968998b78ef4d323537d1149eb68e747d9a]
	org.netbeans.core.output2/1 [1.69 25-0f82d968998b78ef4d323537d1149eb68e747d9a]
	org.netbeans.modules.css.visual/3 [3.59 25-0f82d968998b78ef4d323537d1149eb68e747d9a]
	org.netbeans.modules.editor.autosave/1 [1.18 25-0f82d968998b78ef4d323537d1149eb68e747d9a]
	org.netbeans.modules.editor.kit [1.60 25-0f82d968998b78ef4d323537d1149eb68e747d9a]
	org.netbeans.modules.autoupdate.cli [1.41 25-0f82d968998b78ef4d323537d1149eb68e747d9a]
	org.netbeans.libs.felix [2.42 25-0f82d968998b78ef4d323537d1149eb68e747d9a]
	org.netbeans.modules.core.kit [1.58 25-0f82d968998b78ef4d323537d1149eb68e747d9a]
	org.netbeans.modules.defaults/1 [1.58 25-0f82d968998b78ef4d323537d1149eb68e747d9a]
	org.netbeans.modules.editor.macros/0 [1.58.0.1.23 1 25-0f82d968998b78ef4d323537d1149eb68e747d9a]
	org.netbeans.modules.editor.plain/2 [1.62 25-0f82d968998b78ef4d323537d1149eb68e747d9a]
	org.netbeans.modules.ide.kit [1.60 25-0f82d968998b78ef4d323537d1149eb68e747d9a]
	org.netbeans.modules.ide.ergonomics [1.54 25-0f82d968998b78ef4d323537d1149eb68e747d9a]
	org.netbeans.modules.ide.dashboard/0 [0.4 25-0f82d968998b78ef4d323537d1149eb68e747d9a]
	org.netbeans.modules.autoupdate.pluginimporter [1.47 25-0f82d968998b78ef4d323537d1149eb68e747d9a]
	org.netbeans.modules.deadlock.detector [1.33 25-0f82d968998b78ef4d323537d1149eb68e747d9a]
	org.netbeans.modules.ide.branding/1 [1.59 25-0f82d968998b78ef4d323537d1149eb68e747d9a]
	org.netbeans.modules.ide.branding.kit [1.55 25-0f82d968998b78ef4d323537d1149eb68e747d9a]
	org.netbeans.libs.commons_net/2 [2.49.0.36 36 25-0f82d968998b78ef4d323537d1149eb68e747d9a]
	org.netbeans.modules.hudson [2.40 25-0f82d968998b78ef4d323537d1149eb68e747d9a]
	org.netbeans.modules.hudson.ui [1.38 25-0f82d968998b78ef4d323537d1149eb68e747d9a]
	org.netbeans.modules.hudson.tasklist [1.44 25-0f82d968998b78ef4d323537d1149eb68e747d9a]
	org.netbeans.modules.hudson.subversion [1.56 25-0f82d968998b78ef4d323537d1149eb68e747d9a]
	org.netbeans.modules.hudson.mercurial [1.56 25-0f82d968998b78ef4d323537d1149eb68e747d9a]
	org.netbeans.modules.hudson.git [1.45 25-0f82d968998b78ef4d323537d1149eb68e747d9a]
	org.netbeans.modules.html.custom [1.33 25-0f82d968998b78ef4d323537d1149eb68e747d9a]
	org.eclipse.jgit [7.0.0 7.0.0.202409031743-r]
	org.eclipse.jgit.ssh.jsch [7.0.0 7.0.0.202409031743-r]
	org.netbeans.libs.jsch.agentproxy/2 [1.11 25-0f82d968998b78ef4d323537d1149eb68e747d9a]
	org.netbeans.libs.git/1 [1.62 25-0f82d968998b78ef4d323537d1149eb68e747d9a]
	org.netbeans.modules.git [1.50.0.1 25-0f82d968998b78ef4d323537d1149eb68e747d9a]
	org.netbeans.modules.extexecution.process [1.55 25-0f82d968998b78ef4d323537d1149eb68e747d9a]
	org.netbeans.modules.extexecution.impl [1.52 25-0f82d968998b78ef4d323537d1149eb68e747d9a]
	org.netbeans.modules.editor.mimelookup.impl/1 [1.59 25-0f82d968998b78ef4d323537d1149eb68e747d9a]
	org.netbeans.modules.editor.indent.project/0 [1.49 25-0f82d968998b78ef4d323537d1149eb68e747d9a]
	org.netbeans.modules.editor.global.format/1 [1.42.0.1 1 25-0f82d968998b78ef4d323537d1149eb68e747d9a]
	org.apache.commons.codec [1.17.1 1.17.1]
	org.apache.commons.commons_io [2.18 25-0f82d968998b78ef4d323537d1149eb68e747d9a]
	org.apache.commons.lang3 [3.14.0 3.14.0]
	org.netbeans.libs.commons_compress/0 [0.33.0.181 181 25-0f82d968998b78ef4d323537d1149eb68e747d9a]
	libs.c.kohlschutter.junixsocket/2 [3.9 25-0f82d968998b78ef4d323537d1149eb68e747d9a]
	org.netbeans.modules.docker.api/0 [1.47 25-0f82d968998b78ef4d323537d1149eb68e747d9a]
	org.netbeans.modules.docker.ui/0 [1.27 25-0f82d968998b78ef4d323537d1149eb68e747d9a]
	org.netbeans.modules.docker.editor/0 [1.27 25-0f82d968998b78ef4d323537d1149eb68e747d9a]
	org.netbeans.modules.dlight.nativeexecution.nb [1.27 25-0f82d968998b78ef4d323537d1149eb68e747d9a]
	org.netbeans.modules.db.metadata.model/1 [1.38 25-0f82d968998b78ef4d323537d1149eb68e747d9a]
	org.netbeans.modules.db/1 [1.96.0.30 30 25-0f82d968998b78ef4d323537d1149eb68e747d9a]
	org.netbeans.modules.dbapi [1.61.0.30 25-0f82d968998b78ef4d323537d1149eb68e747d9a]
	org.netbeans.modules.derby [1.67 25-0f82d968998b78ef4d323537d1149eb68e747d9a]
	org.netbeans.api.visual [2.75 25-0f82d968998b78ef4d323537d1149eb68e747d9a]
	org.netbeans.modules.db.sql.visualeditor/1 [2.59.0.30 25-0f82d968998b78ef4d323537d1149eb68e747d9a]
	org.netbeans.modules.db.dataview [1.60 25-0f82d968998b78ef4d323537d1149eb68e747d9a]
	org.netbeans.modules.db.core [1.64 25-0f82d968998b78ef4d323537d1149eb68e747d9a]
	org.netbeans.modules.db.sql.editor [1.64.0.30 25-0f82d968998b78ef4d323537d1149eb68e747d9a]
	org.netbeans.modules.db.mysql [0.55.0.2 2 25-0f82d968998b78ef4d323537d1149eb68e747d9a]
	org.netbeans.modules.db.drivers [1.57 25-0f82d968998b78ef4d323537d1149eb68e747d9a]
	org.netbeans.modules.db.kit [1.57 25-0f82d968998b78ef4d323537d1149eb68e747d9a]
	org.netbeans.modules.css.prep [1.57 25-0f82d968998b78ef4d323537d1149eb68e747d9a]
	org.eclipse.mylyn.bugzilla.core [3.17.0 3.17.0.v20150828-2026]
	org.apache.commons.httpclient [3.1.0 3.1.0]
	org.netbeans.modules.bugzilla [1.104 25-0f82d968998b78ef4d323537d1149eb68e747d9a]
	org.netbeans.modules.bugtracking.bridge [1.73 25-0f82d968998b78ef4d323537d1149eb68e747d9a]
	org.netbeans.libs.graalsdk [1.28 25-0f82d968998b78ef4d323537d1149eb68e747d9a]
	org.netbeans.libs.truffleapi [1.28 25-0f82d968998b78ef4d323537d1149eb68e747d9a]
	org.netbeans.libs.svnClientAdapter.javahl/1 [1.51 25-0f82d968998b78ef4d323537d1149eb68e747d9a]
	org.netbeans.libs.jna.platform/2 [2.22 25-0f82d968998b78ef4d323537d1149eb68e747d9a]
	org.netbeans.libs.graaljs/2 [1.28 25-0f82d968998b78ef4d323537d1149eb68e747d9a]
	org.netbeans.libs.freemarker/1 [2.61.0.239 239 25-0f82d968998b78ef4d323537d1149eb68e747d9a]
	org.netbeans.core.network [1.39 25-0f82d968998b78ef4d323537d1149eb68e747d9a]
	org.netbeans.core.nativeaccess/1 [1.58 25-0f82d968998b78ef4d323537d1149eb68e747d9a]
	org.netbeans.core.io.ui/1 [1.57 25-0f82d968998b78ef4d323537d1149eb68e747d9a]
	org.netbeans.core.browser/1 [1.55.0.1 1 25-0f82d968998b78ef4d323537d1149eb68e747d9a]
	org.eclipse.mylyn.commons.xmlrpc [3.17.0 3.17.0.v20150625-2042]
	org.eclipse.mylyn.commons.repositories.core [1.9.0 1.9.0.v20150625-2042]
	org.eclipse.mylyn.commons.core [3.17.0 3.17.0.v20150625-2042]
	org.eclipse.equinox.security [1.1.1 1.1.1.R37x_v20110822-1018]
	org.eclipse.equinox.registry [3.5.200 3.5.200.v20120522-1841]
	org.eclipse.equinox.preferences [3.4.2 3.4.2.v20120111-2020]
	org.eclipse.equinox.app [1.3.100 1.3.100.v20110321]
	org.eclipse.core.runtime.compatibility.auth [3.2.200 3.2.200.v20110110]
	org.eclipse.core.net [1.2.100 1.2.100.I20110511-0800]
	org.eclipse.core.contenttype [3.4.100 3.4.100.v20110423-0524]
	org.apache.xmlrpc [3.1.3 3.1.3]
	org.apache.ws.commons.util [1.0.1 1.0.1]
	org.apache.commons.lang [2.6 2.6]
	com.jcraft.jzlib [1.1.3 1.1.3]
	com.googlecode.javaewah.JavaEWAH [1.2.3 1.2.3]
	com.google.guava.failureaccess [1.0.2 1.0.2]
	bcprov [1.77 1.77]
INFO [org.netbeans.core.netigso.Netigso]: bundle net.java.html.boot.fx@1.8.1 resolved
INFO [org.netbeans.core.netigso.Netigso]: bundle net.java.html.boot@1.8.1 resolved
INFO [org.netbeans.core.netigso.Netigso]: bundle org.netbeans.html.ko4j@1.8.1 resolved
INFO [org.netbeans.core.netigso.Netigso]: bundle net.java.html@1.8.1 resolved
INFO [org.netbeans.core.netigso.Netigso]: bundle net.java.html.json@1.8.1 resolved
INFO [org.netbeans.core.netigso.Netigso]: bundle net.java.html.boot.script@1.8.1 resolved
INFO [org.netbeans.core.netigso.Netigso]: bundle org.netbeans.html.xhr4j@1.8.1 resolved
INFO [org.netbeans.core.netigso.Netigso]: bundle org.netbeans.html.presenters.spi@1.8.1 resolved
INFO [org.netbeans.core.netigso.Netigso]: bundle net.java.html.sound@1.8.1 resolved
INFO [org.netbeans.core.netigso.Netigso]: bundle net.java.html.geo@1.8.1 resolved
INFO [org.netbeans.core.netigso.Netigso]: bundle bcpg@1.77.0 resolved
INFO [org.netbeans.core.netigso.Netigso]: bundle bcutil@1.77.0 resolved
INFO [org.netbeans.core.netigso.Netigso]: bundle bcpkix@1.77.0 resolved
INFO [org.netbeans.core.netigso.Netigso]: bundle org.eclipse.mylyn.wikitext.confluence.core@2.6.0.v20150901-2143 resolved
INFO [org.netbeans.core.netigso.Netigso]: bundle org.eclipse.mylyn.wikitext.textile.core@2.6.0.v20150901-2143 resolved
INFO [org.netbeans.core.netigso.Netigso]: bundle org.eclipse.mylyn.wikitext.markdown.core@2.6.0.v20150901-2143 resolved
INFO [org.netbeans.core.netigso.Netigso]: bundle org.eclipse.jgit.gpg.bc@7.0.0.202409031743-r resolved
INFO [org.netbeans.core.netigso.Netigso]: bundle org.eclipse.jgit.lfs@7.0.0.202409031743-r resolved
INFO [org.netbeans.core.netigso.Netigso]: bundle org.eclipse.osgi@3.9.1.v20140110-1610 started
INFO [org.netbeans.core.network.proxy.NetworkProxyReloader]: System network proxy resolver: Windows
INFO [org.netbeans.core.network.proxy.windows.WindowsNetworkProxy]: Windows system proxy resolver: auto detect
INFO [org.netbeans.core.network.proxy.windows.WindowsNetworkProxy]: Windows system proxy resolver: auto - PAC (http://wpad/wpad.dat)
INFO [org.netbeans.core.network.proxy.NetworkProxyReloader]: System network proxy reloading succeeded.
INFO [org.openide.awt.Toolbar]: Too long AWTTask: 934 ms for org.openide.awt.MenuBar$MenuBarFolder@5c2379a0(FolderList{MultiFileObject@86a7035[Menu]})
INFO [org.netbeans.ui.metrics.laf]: USG_LOOK_AND_FEEL
WARNING [org.openide.filesystems.Ordering]: Not all children in Windows2/Modes/editor/ marked with the position attribute: [CoverageReportTopComponent.wstcref], but some are: [DashboardDisplayer.wstcref]
INFO [org.netbeans.core.network.proxy.ProxyAutoConfig]: PAC script http://wpad/wpad.dat unavailable, proxy disabled
INFO [org.netbeans.core.network.proxy.NetworkProxyReloader]: System network proxy - mode: auto
INFO [org.netbeans.core.network.proxy.NetworkProxyReloader]: System network proxy - pac url: http://wpad/wpad.dat
INFO [org.netbeans.core.network.proxy.NetworkProxyReloader]: System network proxy TEST - http host: 
INFO [org.netbeans.core.network.proxy.NetworkProxyReloader]: System network proxy TEST - http port: 0
INFO [org.netbeans.ui.indexing]: Indexing started, time from last indexing 0 ms.
INFO [org.netbeans.ui.indexing]: Indexing finished, indexing took 5 ms.
INFO [org.netbeans.core.netigso.Netigso]: bundle org.eclipse.osgi@3.9.1.v20140110-1610 256
INFO [org.netbeans.core.netigso.Netigso]: bundle org.eclipse.osgi@3.9.1.v20140110-1610 stopped
INFO [null]: Last record repeated again.
FINE [java.lang.Runtime]: Runtime.exit() called with status: 0
java.lang.Throwable: Runtime.exit(0)
[catch] at java.base/java.lang.Shutdown.logRuntimeExit(Shutdown.java:179)
	at java.base/java.lang.Shutdown.exit(Shutdown.java:160)
	at java.base/java.lang.Runtime.exit(Runtime.java:177)
	at java.base/java.lang.System.exit(System.java:1518)
	at org.netbeans.TopSecurityManager.exit(TopSecurityManager.java:189)
	at org.netbeans.core.NbLifeExit.run(NbLifeExit.java:99)
	at org.openide.util.Task.run(Task.java:233)
	at org.openide.util.RequestProcessor$Task.run(RequestProcessor.java:1403)
	at org.netbeans.modules.openide.util.GlobalLookup.execute(GlobalLookup.java:45)
	at org.openide.util.lookup.Lookups.executeWith(Lookups.java:287)
	at org.openide.util.RequestProcessor$Processor.run(RequestProcessor.java:2018)
